
Sat Sep 10 2022 23:16:11 GMT+0900 (GMT+09:00)::TypeError: Cannot set property '0Xi5FOHOWT-g6cN1YLfJp9xpAGXAoWh28FNdIz1jbo5cUw4mmiJkzb_HIdZdZbFR.' of undefined
Sat Sep 10 2022 23:16:11 GMT+0900 (GMT+09:00)::TypeError: Cannot set property 'e4VWUFxh1WKNv_kpjcpDX9Miv3XRf8rbdf_ahqJob52zUOuRRSVAmkcPYxUXt99c.' of undefined
Sat Sep 10 2022 23:16:28 GMT+0900 (GMT+09:00)::TypeError: Cannot set property 'C_RiNVNQjpAmAghxyCbOVA5H_dEdgC2Yg-zsTdkHpqhjOnVnPqX8lS3v1BMTSIYn.' of undefined
Sat Sep 10 2022 23:16:28 GMT+0900 (GMT+09:00)::TypeError: Cannot set property 'WAvGvHmA9sNkDswnaNnyuoQpl3l3VcKILUGB3GPVO9H0vIqKHn7su3KWunBYCrTR.' of undefined
Sat Sep 10 2022 23:17:16 GMT+0900 (GMT+09:00)::TypeError: Cannot set property 'iJFImcO__FdaBYOEYE_8EoJsbztEVEFY_PWmvJmsJ0RYEruqJLOcGbnKjFMCHTmC.' of undefined
Sat Sep 10 2022 23:17:16 GMT+0900 (GMT+09:00)::TypeError: Cannot set property 'gJ9JH_u8DTL5i0HFswWEJg8gAXzdq9ebACWVAmumxqLtEqyrwUv2a4J8m3BtqHmo.' of undefined
Sat Sep 10 2022 23:21:36 GMT+0900 (GMT+09:00)::TypeError: Cannot read property 'split' of undefined
Sat Sep 10 2022 23:21:36 GMT+0900 (GMT+09:00)::TypeError: Cannot read property 'split' of undefined
Sat Sep 10 2022 23:24:07 GMT+0900 (GMT+09:00)::TypeError: Cannot read property 'split' of undefined
Sat Sep 10 2022 23:24:07 GMT+0900 (GMT+09:00)::TypeError: Cannot read property 'split' of undefined
Sat Sep 10 2022 23:47:24 GMT+0900 (GMT+09:00)::Error: alter table `Assets` add constraint `assets_creator_foreign` foreign key (`creator`) references `Users` (`id`) - Can't create table `Capstone`.`Assets` (errno: 150 "Foreign key constraint is incorrectly formed")
Sat Sep 10 2022 23:49:40 GMT+0900 (GMT+09:00)::Error: alter table `Collections` add constraint `collections_creator_foreign` foreign key (`creator`) references `Users` (`id`) - Can't create table `Capstone`.`Collections` (errno: 150 "Foreign key constraint is incorrectly formed")
Sat Sep 10 2022 23:52:23 GMT+0900 (GMT+09:00)::Error: create table `Users` (`id` bigint unsigned not null auto_increment primary key, `email` varchar(255), `password` varchar(64), `salt` varchar(64), `nickname` varchar(255), `username` varchar(255), `picture` varchar(255)) - Table 'Users' already exists
Sat Sep 10 2022 23:53:56 GMT+0900 (GMT+09:00)::Error: alter table `Collections` add constraint `collections_creator_foreign` foreign key (`creator`) references `Capstone`.`Users` (`id`) - Can't create table `Capstone`.`Collections` (errno: 150 "Foreign key constraint is incorrectly formed")
Sat Sep 10 2022 23:56:57 GMT+0900 (GMT+09:00)::Error: alter table `Collections` add constraint `collections_creator_foreign` foreign key (`creator`) references `Users` (`id`) - Can't create table `Capstone`.`Collections` (errno: 150 "Foreign key constraint is incorrectly formed")
Sun Sep 11 2022 00:01:02 GMT+0900 (GMT+09:00)::Error: alter table `AssetTokens` add constraint `assettokens_assetid_foreign` foreign key (`assetid`) references `Assets` (`id`) - Can't create table `Capstone`.`AssetTokens` (errno: 150 "Foreign key constraint is incorrectly formed")
Sun Sep 11 2022 00:13:09 GMT+0900 (GMT+09:00)::Error: create table `Users` (`id` bigint unsigned not null auto_increment primary key, `email` varchar(255), `password` varchar(64), `salt` varchar(64), `nickname` varchar(255), `username` varchar(255), `picture` varchar(255)) - Table 'Users' already exists
Sun Sep 11 2022 00:15:44 GMT+0900 (GMT+09:00)::Error: create table `Users` (`id` bigint unsigned not null auto_increment primary key, `email` varchar(255), `password` varchar(64), `salt` varchar(64), `nickname` varchar(255), `username` varchar(255), `picture` varchar(255)) - Table 'Users' already exists
Sun Sep 11 2022 00:18:23 GMT+0900 (GMT+09:00)::Error: create table `Users` (`id` bigint unsigned not null auto_increment primary key, `email` varchar(255), `password` varchar(64), `salt` varchar(64), `nickname` varchar(255), `username` varchar(255), `picture` varchar(255)) - Table 'Users' already exists
Sun Sep 11 2022 01:02:36 GMT+0900 (GMT+09:00)::Error: create table `Users` (`id` bigint unsigned not null auto_increment primary key, `email` varchar(255), `password` varchar(128), `salt` varchar(64), `nickname` varchar(255), `username` varchar(255), `picture` varchar(255)) - Table 'Users' already exists
Sun Sep 11 2022 01:08:34 GMT+0900 (GMT+09:00)::Error: create table `Users` (`id` bigint unsigned not null auto_increment primary key, `email` varchar(255), `password` varchar(128), `salt` varchar(64), `nickname` varchar(255), `username` varchar(255), `picture` varchar(255)) - Table 'Users' already exists
Sun Sep 11 2022 01:19:08 GMT+0900 (GMT+09:00)::Error: create table `Users` (`id` bigint unsigned not null auto_increment primary key, `email` varchar(255), `password` varchar(128), `salt` varchar(64), `nickname` varchar(255), `username` varchar(255), `picture` varchar(255)) - Table 'Users' already exists
Sun Sep 11 2022 01:31:05 GMT+0900 (GMT+09:00)::Error: create table `Users` (`id` bigint unsigned not null auto_increment primary key, `email` varchar(255), `password` varchar(128), `salt` varchar(64), `nickname` varchar(255), `username` varchar(255), `picture` varchar(255)) - Table 'Users' already exists
Sun Sep 11 2022 12:31:43 GMT+0900 (GMT+09:00)::Error: create table `Users` (`id` bigint unsigned not null auto_increment primary key, `email` varchar(255), `password` varchar(128), `salt` varchar(64), `nickname` varchar(255), `username` varchar(255), `picture` varchar(255)) - Table 'Users' already exists
Sun Sep 11 2022 13:21:43 GMT+0900 (GMT+09:00)::Error: create table `Users` (`id` bigint unsigned not null auto_increment primary key, `email` varchar(255), `password` varchar(128), `salt` varchar(64), `nickname` varchar(255), `username` varchar(255), `picture` varchar(255)) - Table 'Users' already exists
Sun Sep 11 2022 13:41:32 GMT+0900 (GMT+09:00)::Error: create table `Users` (`id` bigint unsigned not null auto_increment primary key, `email` varchar(255), `password` varchar(128), `salt` varchar(64), `nickname` varchar(255), `username` varchar(255), `picture` varchar(255)) - Table 'Users' already exists
Sun Sep 11 2022 13:43:23 GMT+0900 (GMT+09:00)::Error: create table `Users` (`id` bigint unsigned not null auto_increment primary key, `email` varchar(255), `password` varchar(128), `salt` varchar(64), `nickname` varchar(255), `username` varchar(255), `picture` varchar(255)) - Table 'Users' already exists
Sun Sep 11 2022 13:51:42 GMT+0900 (GMT+09:00)::Error: create table `Users` (`id` bigint unsigned not null auto_increment primary key, `email` varchar(255), `password` varchar(128), `salt` varchar(64), `nickname` varchar(255), `username` varchar(255), `picture` varchar(255)) - Table 'Users' already exists
Sun Sep 11 2022 13:53:52 GMT+0900 (GMT+09:00)::Error: create table `Users` (`id` bigint unsigned not null auto_increment primary key, `email` varchar(255), `password` varchar(128), `salt` varchar(64), `nickname` varchar(255), `username` varchar(255), `picture` varchar(255)) - Table 'Users' already exists
Sun Sep 11 2022 17:01:58 GMT+0900 (GMT+09:00)::Error: create table `Users` (`id` bigint unsigned not null auto_increment primary key, `email` varchar(255), `password` varchar(128), `salt` varchar(64), `nickname` varchar(255), `username` varchar(255), `picture` varchar(255)) - Table 'Users' already exists
Sun Sep 11 2022 17:12:32 GMT+0900 (GMT+09:00)::Error: create table `Users` (`id` bigint unsigned not null auto_increment primary key, `email` varchar(255), `password` varchar(128), `salt` varchar(64), `nickname` varchar(255), `username` varchar(255), `picture` varchar(255)) - Table 'Users' already exists
Sun Sep 11 2022 17:17:35 GMT+0900 (GMT+09:00)::Error: create table `Users` (`id` bigint unsigned not null auto_increment primary key, `email` varchar(255), `password` varchar(128), `salt` varchar(64), `nickname` varchar(255), `username` varchar(255), `picture` varchar(255)) - Table 'Users' already exists
Sun Sep 11 2022 17:40:51 GMT+0900 (GMT+09:00)::Error: create table `Users` (`id` bigint unsigned not null auto_increment primary key, `email` varchar(255), `password` varchar(128), `salt` varchar(64), `nickname` varchar(255), `username` varchar(255), `picture` varchar(255)) - Table 'Users' already exists
Sun Sep 11 2022 17:50:12 GMT+0900 (GMT+09:00)::Error: create table `Users` (`id` bigint unsigned not null auto_increment primary key, `email` varchar(255), `password` varchar(128), `salt` varchar(64), `nickname` varchar(255), `username` varchar(255), `picture` varchar(255)) - Table 'Users' already exists
Sun Sep 11 2022 17:51:36 GMT+0900 (GMT+09:00)::Error: create table `Users` (`id` bigint unsigned not null auto_increment primary key, `email` varchar(255), `password` varchar(128), `salt` varchar(64), `nickname` varchar(255), `username` varchar(255), `picture` varchar(255)) - Table 'Users' already exists
Sun Sep 11 2022 19:13:54 GMT+0900 (GMT+09:00)::Error: create table `Users` (`id` bigint unsigned not null auto_increment primary key, `email` varchar(255), `password` varchar(128), `salt` varchar(64), `nickname` varchar(255), `username` varchar(255), `picture` varchar(255)) - Table 'Users' already exists
Sun Sep 11 2022 23:43:09 GMT+0900 (GMT+09:00)::Error: create table `Users` (`id` bigint unsigned not null auto_increment primary key, `email` varchar(255), `password` varchar(128), `salt` varchar(64), `nickname` varchar(255), `username` varchar(255), `picture` varchar(255)) - Table 'Users' already exists
Mon Sep 12 2022 00:36:59 GMT+0900 (GMT+09:00)::Error: create table `Users` (`id` bigint unsigned not null auto_increment primary key, `email` varchar(255), `password` varchar(128), `salt` varchar(64), `nickname` varchar(255), `username` varchar(255), `picture` varchar(255)) - Table 'Users' already exists
Mon Sep 12 2022 00:40:19 GMT+0900 (GMT+09:00)::Error: create table `Users` (`id` bigint unsigned not null auto_increment primary key, `email` varchar(255), `password` varchar(128), `salt` varchar(64), `nickname` varchar(255), `username` varchar(255), `picture` varchar(255)) - Table 'Users' already exists
Mon Sep 12 2022 00:46:35 GMT+0900 (GMT+09:00)::Error: create table `Users` (`id` bigint unsigned not null auto_increment primary key, `email` varchar(255), `password` varchar(128), `salt` varchar(64), `nickname` varchar(255), `username` varchar(255), `picture` varchar(255)) - Table 'Users' already exists
Mon Sep 12 2022 15:19:01 GMT+0900 (GMT+09:00)::Error: create table `Users` (`id` bigint unsigned not null auto_increment primary key, `email` varchar(255), `password` varchar(128), `salt` varchar(64), `nickname` varchar(255), `username` varchar(255), `picture` varchar(255)) - Table 'Users' already exists
Mon Sep 12 2022 16:16:11 GMT+0900 (GMT+09:00)::Error: create table `Users` (`id` bigint unsigned not null auto_increment primary key, `email` varchar(255), `password` varchar(128), `salt` varchar(64), `nickname` varchar(255), `username` varchar(255), `picture` varchar(255)) - Table 'Users' already exists
Tue Sep 13 2022 20:40:58 GMT+0900 (GMT+09:00)::Error: create table `Users` (`id` bigint unsigned not null auto_increment primary key, `email` varchar(255), `password` varchar(128), `salt` varchar(64), `nickname` varchar(255), `username` varchar(255), `picture` varchar(255)) - Table 'Users' already exists
Tue Sep 13 2022 21:34:44 GMT+0900 (GMT+09:00)::Error: create table `Users` (`id` bigint unsigned not null auto_increment primary key, `email` varchar(255), `password` varchar(128), `salt` varchar(64), `nickname` varchar(255), `username` varchar(255), `picture` varchar(255)) - Table 'Users' already exists
Tue Sep 13 2022 21:51:46 GMT+0900 (GMT+09:00)::Error: create table `Users` (`id` bigint unsigned not null auto_increment primary key, `email` varchar(255), `password` varchar(128), `salt` varchar(64), `nickname` varchar(255), `username` varchar(255), `picture` varchar(255)) - Table 'Users' already exists
Tue Sep 13 2022 22:03:25 GMT+0900 (GMT+09:00)::Error: create table `Users` (`id` bigint unsigned not null auto_increment primary key, `email` varchar(255), `password` varchar(128), `salt` varchar(64), `nickname` varchar(255), `username` varchar(255), `picture` varchar(255)) - Table 'Users' already exists
Tue Sep 13 2022 22:09:03 GMT+0900 (GMT+09:00)::Error: create table `Users` (`id` bigint unsigned not null auto_increment primary key, `email` varchar(255), `password` varchar(128), `salt` varchar(64), `nickname` varchar(255), `username` varchar(255), `picture` varchar(255)) - Table 'Users' already exists
Tue Sep 13 2022 22:11:58 GMT+0900 (GMT+09:00)::Error: create table `Users` (`id` bigint unsigned not null auto_increment primary key, `email` varchar(255), `password` varchar(128), `salt` varchar(64), `nickname` varchar(255), `username` varchar(255), `picture` varchar(255)) - Table 'Users' already exists
Tue Sep 13 2022 22:16:36 GMT+0900 (GMT+09:00)::Error: create table `Users` (`id` bigint unsigned not null auto_increment primary key, `email` varchar(255), `password` varchar(128), `salt` varchar(64), `nickname` varchar(255), `username` varchar(255), `picture` varchar(255)) - Table 'Users' already exists
Tue Sep 13 2022 22:21:53 GMT+0900 (GMT+09:00)::Error: create table `Users` (`id` bigint unsigned not null auto_increment primary key, `email` varchar(255), `password` varchar(128), `salt` varchar(64), `nickname` varchar(255), `username` varchar(255), `picture` varchar(255)) - Table 'Users' already exists
Tue Sep 13 2022 22:28:23 GMT+0900 (GMT+09:00)::Error: create table `Users` (`id` bigint unsigned not null auto_increment primary key, `email` varchar(255), `password` varchar(128), `salt` varchar(64), `nickname` varchar(255), `username` varchar(255), `picture` varchar(255)) - Table 'Users' already exists
Tue Sep 13 2022 22:30:51 GMT+0900 (GMT+09:00)::Error: create table `Users` (`id` bigint unsigned not null auto_increment primary key, `email` varchar(255), `password` varchar(128), `salt` varchar(64), `nickname` varchar(255), `username` varchar(255), `picture` varchar(255)) - Table 'Users' already exists
Tue Sep 13 2022 22:37:32 GMT+0900 (GMT+09:00)::Error: create table `Users` (`id` bigint unsigned not null auto_increment primary key, `email` varchar(255), `password` varchar(128), `salt` varchar(64), `nickname` varchar(255), `username` varchar(255), `picture` varchar(255)) - Table 'Users' already exists
Tue Sep 13 2022 22:54:45 GMT+0900 (GMT+09:00)::Error: create table `Users` (`id` bigint unsigned not null auto_increment primary key, `email` varchar(255), `password` varchar(128), `salt` varchar(64), `nickname` varchar(255), `username` varchar(255), `picture` varchar(255)) - Table 'Users' already exists
Tue Sep 13 2022 23:07:50 GMT+0900 (GMT+09:00)::Error: create table `Users` (`id` bigint unsigned not null auto_increment primary key, `email` varchar(255), `password` varchar(128), `salt` varchar(64), `nickname` varchar(255), `username` varchar(255), `picture` varchar(255)) - Table 'Users' already exists
Tue Sep 13 2022 23:13:27 GMT+0900 (GMT+09:00)::Error: create table `Users` (`id` bigint unsigned not null auto_increment primary key, `email` varchar(255), `password` varchar(128), `salt` varchar(64), `nickname` varchar(255), `username` varchar(255), `picture` varchar(255)) - Table 'Users' already exists
Wed Sep 14 2022 19:03:09 GMT+0900 (GMT+09:00)::Error: create table `Users` (`id` bigint unsigned not null auto_increment primary key, `email` varchar(255), `password` varchar(128), `salt` varchar(64), `nickname` varchar(255), `username` varchar(255), `picture` varchar(255)) - Table 'Users' already exists
Wed Sep 14 2022 22:13:59 GMT+0900 (GMT+09:00)::Error: create table `Users` (`id` bigint unsigned not null auto_increment primary key, `email` varchar(255), `password` varchar(128), `salt` varchar(64), `nickname` varchar(255), `username` varchar(255), `picture` varchar(255)) - Table 'Users' already exists
Wed Sep 14 2022 22:16:14 GMT+0900 (GMT+09:00)::Error: create table `Users` (`id` bigint unsigned not null auto_increment primary key, `email` varchar(255), `password` varchar(128), `salt` varchar(64), `nickname` varchar(255), `username` varchar(255), `picture` varchar(255)) - Table 'Users' already exists
Wed Sep 14 2022 22:19:38 GMT+0900 (GMT+09:00)::Error: create table `Users` (`id` bigint unsigned not null auto_increment primary key, `email` varchar(255), `password` varchar(128), `salt` varchar(64), `nickname` varchar(255), `username` varchar(255), `picture` varchar(255)) - Table 'Users' already exists
Wed Sep 14 2022 22:22:01 GMT+0900 (GMT+09:00)::Error: create table `Users` (`id` bigint unsigned not null auto_increment primary key, `email` varchar(255), `password` varchar(128), `salt` varchar(64), `nickname` varchar(255), `username` varchar(255), `picture` varchar(255)) - Table 'Users' already exists
Wed Sep 14 2022 22:23:34 GMT+0900 (GMT+09:00)::Error: create table `Users` (`id` bigint unsigned not null auto_increment primary key, `email` varchar(255), `password` varchar(128), `salt` varchar(64), `nickname` varchar(255), `username` varchar(255), `picture` varchar(255)) - Table 'Users' already exists
Wed Sep 14 2022 22:24:17 GMT+0900 (GMT+09:00)::Error: create table `Users` (`id` bigint unsigned not null auto_increment primary key, `email` varchar(255), `password` varchar(128), `salt` varchar(64), `nickname` varchar(255), `username` varchar(255), `picture` varchar(255)) - Table 'Users' already exists
Wed Sep 14 2022 22:25:57 GMT+0900 (GMT+09:00)::Error: create table `Users` (`id` bigint unsigned not null auto_increment primary key, `email` varchar(255), `password` varchar(128), `salt` varchar(64), `nickname` varchar(255), `username` varchar(255), `picture` varchar(255)) - Table 'Users' already exists
Wed Sep 14 2022 22:27:31 GMT+0900 (GMT+09:00)::Error: create table `Users` (`id` bigint unsigned not null auto_increment primary key, `email` varchar(255), `password` varchar(128), `salt` varchar(64), `nickname` varchar(255), `username` varchar(255), `picture` varchar(255)) - Table 'Users' already exists
Wed Sep 14 2022 22:30:38 GMT+0900 (GMT+09:00)::Error: create table `Users` (`id` bigint unsigned not null auto_increment primary key, `email` varchar(255), `password` varchar(128), `salt` varchar(64), `nickname` varchar(255), `username` varchar(255), `picture` varchar(255)) - Table 'Users' already exists
Wed Sep 14 2022 22:38:17 GMT+0900 (GMT+09:00)::Error: create table `Users` (`id` bigint unsigned not null auto_increment primary key, `email` varchar(255), `password` varchar(128), `salt` varchar(64), `nickname` varchar(255), `username` varchar(255), `picture` varchar(255)) - Table 'Users' already exists
Wed Sep 14 2022 22:45:40 GMT+0900 (GMT+09:00)::Error: create table `Users` (`id` bigint unsigned not null auto_increment primary key, `email` varchar(255), `password` varchar(128), `salt` varchar(64), `nickname` varchar(255), `username` varchar(255), `picture` varchar(255)) - Table 'Users' already exists
Wed Sep 14 2022 22:55:14 GMT+0900 (GMT+09:00)::Error: create table `Users` (`id` bigint unsigned not null auto_increment primary key, `email` varchar(255), `password` varchar(128), `salt` varchar(64), `nickname` varchar(255), `username` varchar(255), `picture` varchar(255)) - Table 'Users' already exists
Thu Sep 15 2022 09:45:14 GMT+0900 (GMT+09:00)::Error: create table `Users` (`id` bigint unsigned not null auto_increment primary key, `email` varchar(255), `password` varchar(128), `salt` varchar(64), `nickname` varchar(255), `username` varchar(255), `picture` varchar(255)) - Table 'Users' already exists
Thu Sep 15 2022 09:56:07 GMT+0900 (GMT+09:00)::Error: create table `Users` (`id` bigint unsigned not null auto_increment primary key, `email` varchar(255), `password` varchar(128), `salt` varchar(64), `nickname` varchar(255), `username` varchar(255), `picture` varchar(255)) - Table 'Users' already exists
Thu Sep 15 2022 09:58:33 GMT+0900 (GMT+09:00)::Error: create table `Users` (`id` bigint unsigned not null auto_increment primary key, `email` varchar(255), `password` varchar(128), `salt` varchar(64), `nickname` varchar(255), `username` varchar(255), `picture` varchar(255)) - Table 'Users' already exists
Thu Sep 15 2022 10:02:56 GMT+0900 (GMT+09:00)::Error: create table `Users` (`id` bigint unsigned not null auto_increment primary key, `email` varchar(255), `password` varchar(128), `salt` varchar(64), `nickname` varchar(255), `username` varchar(255), `picture` varchar(255)) - Table 'Users' already exists
Thu Sep 15 2022 10:50:49 GMT+0900 (GMT+09:00)::Error: create table `Users` (`id` bigint unsigned not null auto_increment primary key, `email` varchar(255), `password` varchar(128), `salt` varchar(64), `nickname` varchar(255), `username` varchar(255), `picture` varchar(255)) - Table 'Users' already exists
Thu Sep 15 2022 10:53:36 GMT+0900 (GMT+09:00)::Error: create table `Users` (`id` bigint unsigned not null auto_increment primary key, `email` varchar(255), `password` varchar(128), `salt` varchar(64), `nickname` varchar(255), `username` varchar(255), `picture` varchar(255)) - Table 'Users' already exists
Thu Sep 15 2022 17:48:55 GMT+0900 (GMT+09:00)::Error: create table `Users` (`id` bigint unsigned not null auto_increment primary key, `email` varchar(255), `password` varchar(128), `salt` varchar(64), `nickname` varchar(255), `username` varchar(255), `picture` varchar(255)) - Table 'Users' already exists
Thu Sep 15 2022 17:53:49 GMT+0900 (GMT+09:00)::Error: create table `Users` (`id` bigint unsigned not null auto_increment primary key, `email` varchar(255), `password` varchar(128), `salt` varchar(64), `nickname` varchar(255), `username` varchar(255), `picture` varchar(255)) - Table 'Users' already exists
Thu Sep 15 2022 18:03:31 GMT+0900 (GMT+09:00)::Error: create table `Users` (`id` bigint unsigned not null auto_increment primary key, `email` varchar(255), `password` varchar(128), `salt` varchar(64), `nickname` varchar(255), `username` varchar(255), `picture` varchar(255)) - Table 'Users' already exists
Thu Sep 15 2022 18:04:49 GMT+0900 (GMT+09:00)::Error: create table `Users` (`id` bigint unsigned not null auto_increment primary key, `email` varchar(255), `password` varchar(128), `salt` varchar(64), `nickname` varchar(255), `username` varchar(255), `picture` varchar(255)) - Table 'Users' already exists
Thu Sep 15 2022 18:06:15 GMT+0900 (GMT+09:00)::Error: create table `Users` (`id` bigint unsigned not null auto_increment primary key, `email` varchar(255), `password` varchar(128), `salt` varchar(64), `nickname` varchar(255), `username` varchar(255), `picture` varchar(255)) - Table 'Users' already exists
Thu Sep 15 2022 18:07:35 GMT+0900 (GMT+09:00)::Error: create table `Users` (`id` bigint unsigned not null auto_increment primary key, `email` varchar(255), `password` varchar(128), `salt` varchar(64), `nickname` varchar(255), `username` varchar(255), `picture` varchar(255)) - Table 'Users' already exists
Thu Sep 15 2022 18:12:35 GMT+0900 (GMT+09:00)::Error: create table `Users` (`id` bigint unsigned not null auto_increment primary key, `email` varchar(255), `password` varchar(128), `salt` varchar(64), `nickname` varchar(255), `username` varchar(255), `picture` varchar(255)) - Table 'Users' already exists
Thu Sep 15 2022 20:35:12 GMT+0900 (GMT+09:00)::Error: create table `Users` (`id` bigint unsigned not null auto_increment primary key, `email` varchar(255), `password` varchar(128), `salt` varchar(64), `nickname` varchar(255), `username` varchar(255), `picture` varchar(255)) - Table 'Users' already exists
Thu Sep 15 2022 20:36:24 GMT+0900 (GMT+09:00)::Error: create table `Users` (`id` bigint unsigned not null auto_increment primary key, `email` varchar(255), `password` varchar(128), `salt` varchar(64), `nickname` varchar(255), `username` varchar(255), `picture` varchar(255)) - Table 'Users' already exists
Thu Sep 15 2022 20:51:41 GMT+0900 (GMT+09:00)::Error: create table `Users` (`id` bigint unsigned not null auto_increment primary key, `email` varchar(255), `password` varchar(128), `salt` varchar(64), `nickname` varchar(255), `username` varchar(255), `picture` varchar(255)) - Table 'Users' already exists
Thu Sep 15 2022 21:03:49 GMT+0900 (GMT+09:00)::Error: create table `Users` (`id` bigint unsigned not null auto_increment primary key, `email` varchar(255), `password` varchar(128), `salt` varchar(64), `nickname` varchar(255), `username` varchar(255), `picture` varchar(255)) - Table 'Users' already exists
Thu Sep 15 2022 21:05:48 GMT+0900 (GMT+09:00)::Error: create table `Users` (`id` bigint unsigned not null auto_increment primary key, `email` varchar(255), `password` varchar(128), `salt` varchar(64), `nickname` varchar(255), `username` varchar(255), `picture` varchar(255)) - Table 'Users' already exists
Thu Sep 15 2022 21:08:47 GMT+0900 (GMT+09:00)::Error: create table `Users` (`id` bigint unsigned not null auto_increment primary key, `email` varchar(255), `password` varchar(128), `salt` varchar(64), `nickname` varchar(255), `username` varchar(255), `picture` varchar(255)) - Table 'Users' already exists
Thu Sep 15 2022 21:38:45 GMT+0900 (GMT+09:00)::Error: create table `Users` (`id` bigint unsigned not null auto_increment primary key, `email` varchar(255), `password` varchar(128), `salt` varchar(64), `nickname` varchar(255), `username` varchar(255), `picture` varchar(255)) - Table 'Users' already exists
Thu Sep 15 2022 21:41:11 GMT+0900 (GMT+09:00)::Error: create table `Users` (`id` bigint unsigned not null auto_increment primary key, `email` varchar(255), `password` varchar(128), `salt` varchar(64), `nickname` varchar(255), `username` varchar(255), `picture` varchar(255)) - Table 'Users' already exists
Thu Sep 15 2022 21:44:13 GMT+0900 (GMT+09:00)::Error: create table `Users` (`id` bigint unsigned not null auto_increment primary key, `email` varchar(255), `password` varchar(128), `salt` varchar(64), `nickname` varchar(255), `username` varchar(255), `picture` varchar(255)) - Table 'Users' already exists
Thu Sep 15 2022 21:45:59 GMT+0900 (GMT+09:00)::Error: create table `Users` (`id` bigint unsigned not null auto_increment primary key, `email` varchar(255), `password` varchar(128), `salt` varchar(64), `nickname` varchar(255), `username` varchar(255), `picture` varchar(255)) - Table 'Users' already exists
Thu Sep 15 2022 21:55:10 GMT+0900 (GMT+09:00)::Error: create table `Users` (`id` bigint unsigned not null auto_increment primary key, `email` varchar(255), `password` varchar(128), `salt` varchar(64), `nickname` varchar(255), `username` varchar(255), `picture` varchar(255)) - Table 'Users' already exists
Thu Sep 15 2022 21:57:13 GMT+0900 (GMT+09:00)::Error: create table `Users` (`id` bigint unsigned not null auto_increment primary key, `email` varchar(255), `password` varchar(128), `salt` varchar(64), `nickname` varchar(255), `username` varchar(255), `picture` varchar(255)) - Table 'Users' already exists
Thu Sep 15 2022 22:10:48 GMT+0900 (GMT+09:00)::Error: create table `Users` (`id` bigint unsigned not null auto_increment primary key, `email` varchar(255), `password` varchar(128), `salt` varchar(64), `nickname` varchar(255), `username` varchar(255), `picture` varchar(255)) - Table 'Users' already exists
Thu Sep 15 2022 22:14:57 GMT+0900 (GMT+09:00)::Error: create table `Users` (`id` bigint unsigned not null auto_increment primary key, `email` varchar(255), `password` varchar(128), `salt` varchar(64), `nickname` varchar(255), `username` varchar(255), `picture` varchar(255)) - Table 'Users' already exists
Thu Sep 15 2022 22:17:24 GMT+0900 (GMT+09:00)::Error: create table `Users` (`id` bigint unsigned not null auto_increment primary key, `email` varchar(255), `password` varchar(128), `salt` varchar(64), `nickname` varchar(255), `username` varchar(255), `picture` varchar(255)) - Table 'Users' already exists
Thu Sep 15 2022 22:18:00 GMT+0900 (GMT+09:00)::Error: create table `Users` (`id` bigint unsigned not null auto_increment primary key, `email` varchar(255), `password` varchar(128), `salt` varchar(64), `nickname` varchar(255), `username` varchar(255), `picture` varchar(255)) - Table 'Users' already exists
Thu Sep 15 2022 22:19:34 GMT+0900 (GMT+09:00)::Error: create table `Users` (`id` bigint unsigned not null auto_increment primary key, `email` varchar(255), `password` varchar(128), `salt` varchar(64), `nickname` varchar(255), `username` varchar(255), `picture` varchar(255)) - Table 'Users' already exists
Thu Sep 15 2022 22:22:42 GMT+0900 (GMT+09:00)::Error: create table `Users` (`id` bigint unsigned not null auto_increment primary key, `email` varchar(255), `password` varchar(128), `salt` varchar(64), `nickname` varchar(255), `username` varchar(255), `picture` varchar(255)) - Table 'Users' already exists
Thu Sep 15 2022 22:51:35 GMT+0900 (GMT+09:00)::Error: create table `Users` (`id` bigint unsigned not null auto_increment primary key, `email` varchar(255), `password` varchar(128), `salt` varchar(64), `nickname` varchar(255), `username` varchar(255), `picture` varchar(255)) - Table 'Users' already exists
Thu Sep 15 2022 22:55:19 GMT+0900 (GMT+09:00)::Error: create table `Users` (`id` bigint unsigned not null auto_increment primary key, `email` varchar(255), `password` varchar(128), `salt` varchar(64), `nickname` varchar(255), `username` varchar(255), `picture` varchar(255)) - Table 'Users' already exists
Thu Sep 15 2022 22:58:35 GMT+0900 (GMT+09:00)::Error: create table `Users` (`id` bigint unsigned not null auto_increment primary key, `email` varchar(255), `password` varchar(128), `salt` varchar(64), `nickname` varchar(255), `username` varchar(255), `picture` varchar(255)) - Table 'Users' already exists
Thu Sep 15 2022 23:00:58 GMT+0900 (GMT+09:00)::Error: create table `Users` (`id` bigint unsigned not null auto_increment primary key, `email` varchar(255), `password` varchar(128), `salt` varchar(64), `nickname` varchar(255), `username` varchar(255), `picture` varchar(255)) - Table 'Users' already exists
Thu Sep 15 2022 23:03:57 GMT+0900 (GMT+09:00)::Error: create table `Users` (`id` bigint unsigned not null auto_increment primary key, `email` varchar(255), `password` varchar(128), `salt` varchar(64), `nickname` varchar(255), `username` varchar(255), `picture` varchar(255)) - Table 'Users' already exists
Thu Sep 15 2022 23:09:03 GMT+0900 (GMT+09:00)::Error: create table `Users` (`id` bigint unsigned not null auto_increment primary key, `email` varchar(255), `password` varchar(128), `salt` varchar(64), `nickname` varchar(255), `username` varchar(255), `picture` varchar(255)) - Table 'Users' already exists
Thu Sep 15 2022 23:28:21 GMT+0900 (GMT+09:00)::Error: create table `Users` (`id` bigint unsigned not null auto_increment primary key, `email` varchar(255), `password` varchar(128), `salt` varchar(64), `nickname` varchar(255), `username` varchar(255), `picture` varchar(255)) - Table 'Users' already exists
Thu Sep 15 2022 23:33:34 GMT+0900 (GMT+09:00)::Error: create table `Users` (`id` bigint unsigned not null auto_increment primary key, `email` varchar(255), `password` varchar(128), `salt` varchar(64), `nickname` varchar(255), `username` varchar(255), `picture` varchar(255)) - Table 'Users' already exists
Thu Sep 15 2022 23:34:37 GMT+0900 (GMT+09:00)::Error: create table `Users` (`id` bigint unsigned not null auto_increment primary key, `email` varchar(255), `password` varchar(128), `salt` varchar(64), `nickname` varchar(255), `username` varchar(255), `picture` varchar(255)) - Table 'Users' already exists
Fri Sep 16 2022 11:30:34 GMT+0900 (GMT+09:00)::Error: create table `Users` (`id` bigint unsigned not null auto_increment primary key, `email` varchar(255), `password` varchar(128), `salt` varchar(64), `nickname` varchar(255), `username` varchar(255), `picture` varchar(255)) - Table 'Users' already exists
Fri Sep 16 2022 11:40:35 GMT+0900 (GMT+09:00)::Error: create table `Users` (`id` bigint unsigned not null auto_increment primary key, `email` varchar(255), `password` varchar(128), `salt` varchar(64), `nickname` varchar(255), `username` varchar(255), `picture` varchar(255)) - Table 'Users' already exists
Wed Sep 21 2022 14:48:33 GMT+0900 (GMT+09:00)::Error: create table `Users` (`id` bigint unsigned not null auto_increment primary key, `email` varchar(255), `password` varchar(128), `salt` varchar(64), `nickname` varchar(255), `username` varchar(255), `picture` varchar(255)) - Table 'Users' already exists
Wed Sep 21 2022 14:58:26 GMT+0900 (GMT+09:00)::Error: create table `Users` (`id` bigint unsigned not null auto_increment primary key, `email` varchar(255), `password` varchar(128), `salt` varchar(64), `nickname` varchar(255), `username` varchar(255), `picture` varchar(255)) - Table 'Users' already exists
Thu Sep 22 2022 09:49:18 GMT+0900 (GMT+09:00)::Error: create table `Users` (`id` bigint unsigned not null auto_increment primary key, `email` varchar(255), `password` varchar(128), `salt` varchar(64), `nickname` varchar(255), `username` varchar(255), `picture` varchar(255)) - Table 'Users' already exists
Thu Sep 22 2022 09:54:34 GMT+0900 (GMT+09:00)::Error: create table `Users` (`id` bigint unsigned not null auto_increment primary key, `email` varchar(255), `password` varchar(128), `salt` varchar(64), `nickname` varchar(255), `username` varchar(255), `picture` varchar(255)) - Table 'Users' already exists
Thu Sep 22 2022 09:56:37 GMT+0900 (GMT+09:00)::Error: create table `Users` (`id` bigint unsigned not null auto_increment primary key, `email` varchar(255), `password` varchar(128), `salt` varchar(64), `nickname` varchar(255), `username` varchar(255), `picture` varchar(255)) - Table 'Users' already exists
Thu Sep 22 2022 09:59:53 GMT+0900 (GMT+09:00)::Error: create table `Users` (`id` bigint unsigned not null auto_increment primary key, `email` varchar(255), `password` varchar(128), `salt` varchar(64), `nickname` varchar(255), `username` varchar(255), `picture` varchar(255)) - Table 'Users' already exists
Thu Sep 22 2022 10:15:23 GMT+0900 (GMT+09:00)::Error: create table `Users` (`id` bigint unsigned not null auto_increment primary key, `email` varchar(255), `password` varchar(128), `salt` varchar(64), `nickname` varchar(255), `username` varchar(255), `picture` varchar(255)) - Table 'Users' already exists
Thu Sep 22 2022 10:18:03 GMT+0900 (GMT+09:00)::Error: create table `Users` (`id` bigint unsigned not null auto_increment primary key, `email` varchar(255), `password` varchar(128), `salt` varchar(64), `nickname` varchar(255), `username` varchar(255), `picture` varchar(255)) - Table 'Users' already exists
Fri Sep 23 2022 19:52:55 GMT+0900 (GMT+09:00)::Error: create table `Users` (`id` bigint unsigned not null auto_increment primary key, `email` varchar(255), `password` varchar(128), `salt` varchar(64), `nickname` varchar(255), `username` varchar(255), `picture` varchar(255)) - Table 'Users' already exists
Fri Sep 23 2022 20:37:43 GMT+0900 (GMT+09:00)::Error: create table `Users` (`id` bigint unsigned not null auto_increment primary key, `email` varchar(255), `password` varchar(128), `salt` varchar(64), `nickname` varchar(255), `username` varchar(255), `picture` varchar(255)) - Table 'Users' already exists
Sat Sep 24 2022 18:57:38 GMT+0900 (GMT+09:00)::Error: create table `Users` (`id` bigint unsigned not null auto_increment primary key, `email` varchar(255), `password` varchar(128), `salt` varchar(64), `nickname` varchar(255), `username` varchar(255), `picture` varchar(255)) - Table 'Users' already exists
Sat Sep 24 2022 20:18:00 GMT+0900 (GMT+09:00)::Error: CONNECTION ERROR: Couldn't connect to node http://192.168.0.5:8545.
Sat Sep 24 2022 20:18:48 GMT+0900 (GMT+09:00)::Error: create table `Users` (`id` bigint unsigned not null auto_increment primary key, `email` varchar(255), `password` varchar(128), `salt` varchar(64), `nickname` varchar(255), `username` varchar(255), `picture` varchar(255)) - Table 'Users' already exists
Sat Sep 24 2022 23:47:50 GMT+0900 (GMT+09:00)::Error: create table `Users` (`id` bigint unsigned not null auto_increment primary key, `email` varchar(255), `password` varchar(128), `salt` varchar(64), `nickname` varchar(255), `username` varchar(255), `picture` varchar(255)) - Table 'Users' already exists
Sun Sep 25 2022 00:17:07 GMT+0900 (GMT+09:00)::Error: create table `Users` (`id` bigint unsigned not null auto_increment primary key, `email` varchar(255), `password` varchar(128), `salt` varchar(64), `nickname` varchar(255), `username` varchar(255), `picture` varchar(255)) - Table 'Users' already exists
Sun Sep 25 2022 00:19:31 GMT+0900 (GMT+09:00)::Error: create table `Users` (`id` bigint unsigned not null auto_increment primary key, `email` varchar(255), `password` varchar(128), `salt` varchar(64), `nickname` varchar(255), `username` varchar(255), `picture` varchar(255)) - Table 'Users' already exists
Sun Sep 25 2022 00:21:35 GMT+0900 (GMT+09:00)::Error: create table `Users` (`id` bigint unsigned not null auto_increment primary key, `email` varchar(255), `password` varchar(128), `salt` varchar(64), `nickname` varchar(255), `username` varchar(255), `picture` varchar(255)) - Table 'Users' already exists
Sun Sep 25 2022 00:48:24 GMT+0900 (GMT+09:00)::Error: create table `Users` (`id` bigint unsigned not null auto_increment primary key, `email` varchar(255), `password` varchar(128), `salt` varchar(64), `nickname` varchar(255), `username` varchar(255), `picture` varchar(255)) - Table 'Users' already exists
Sun Sep 25 2022 01:14:41 GMT+0900 (GMT+09:00)::Error: create table `Users` (`id` bigint unsigned not null auto_increment primary key, `email` varchar(255), `password` varchar(128), `salt` varchar(64), `nickname` varchar(255), `username` varchar(255), `picture` varchar(255)) - Table 'Users' already exists
Sun Sep 25 2022 10:48:19 GMT+0900 (GMT+09:00)::Error: create table `Users` (`id` bigint unsigned not null auto_increment primary key, `email` varchar(255), `password` varchar(128), `salt` varchar(64), `nickname` varchar(255), `username` varchar(255), `picture` varchar(255)) - Table 'Users' already exists
Sun Sep 25 2022 12:13:38 GMT+0900 (GMT+09:00)::Error: CONNECTION ERROR: Couldn't connect to node http://192.168.0.5:8545.
Sun Sep 25 2022 15:43:25 GMT+0900 (GMT+09:00)::Error: create table `Users` (`id` bigint unsigned not null auto_increment primary key, `email` varchar(255), `password` varchar(128), `salt` varchar(64), `nickname` varchar(255), `username` varchar(255), `picture` varchar(255)) - Table 'Users' already exists
Sun Sep 25 2022 18:05:57 GMT+0900 (GMT+09:00)::Error: create table `Users` (`id` bigint unsigned not null auto_increment primary key, `email` varchar(255), `password` varchar(128), `salt` varchar(64), `nickname` varchar(255), `username` varchar(255), `picture` varchar(255)) - Table 'Users' already exists
Sun Sep 25 2022 19:09:09 GMT+0900 (GMT+09:00)::Error: create table `Users` (`id` bigint unsigned not null auto_increment primary key, `email` varchar(255), `password` varchar(128), `salt` varchar(64), `nickname` varchar(255), `username` varchar(255), `picture` varchar(255)) - Table 'Users' already exists
Sun Sep 25 2022 21:04:04 GMT+0900 (GMT+09:00)::Error: create table `Users` (`id` bigint unsigned not null auto_increment primary key, `email` varchar(255), `password` varchar(128), `salt` varchar(64), `nickname` varchar(255), `username` varchar(255), `picture` varchar(255)) - Table 'Users' already exists
Mon Sep 26 2022 02:16:34 GMT+0900 (GMT+09:00)::Error: create table `Users` (`id` bigint unsigned not null auto_increment primary key, `email` varchar(255), `password` varchar(128), `salt` varchar(64), `nickname` varchar(255), `username` varchar(255), `picture` varchar(255)) - Table 'Users' already exists
Tue Sep 27 2022 00:38:05 GMT+0900 (GMT+09:00)::Error: create table `Users` (`id` bigint unsigned not null auto_increment primary key, `email` varchar(255), `password` varchar(128), `salt` varchar(64), `nickname` varchar(255), `username` varchar(255), `picture` varchar(255)) - Table 'Users' already exists
Tue Sep 27 2022 22:06:30 GMT+0900 (GMT+09:00)::Error: create table `Users` (`id` bigint unsigned not null auto_increment primary key, `email` varchar(255), `password` varchar(128), `salt` varchar(64), `nickname` varchar(255), `username` varchar(255), `picture` varchar(255)) - Table 'Users' already exists
Wed Sep 28 2022 13:51:57 GMT+0900 (GMT+09:00)::Error: create table `Users` (`id` bigint unsigned not null auto_increment primary key, `email` varchar(255), `password` varchar(128), `salt` varchar(64), `nickname` varchar(255), `username` varchar(255), `picture` varchar(255)) - Table 'Users' already exists
Wed Sep 28 2022 14:42:35 GMT+0900 (GMT+09:00)::Error: create table `Users` (`id` bigint unsigned not null auto_increment primary key, `email` varchar(255), `password` varchar(128), `salt` varchar(64), `nickname` varchar(255), `username` varchar(255), `picture` varchar(255)) - Table 'Users' already exists
Wed Sep 28 2022 23:17:55 GMT+0900 (GMT+09:00)::Error: create table `Users` (`id` bigint unsigned not null auto_increment primary key, `email` varchar(255), `password` varchar(128), `salt` varchar(64), `nickname` varchar(255), `username` varchar(255), `picture` varchar(255)) - Table 'Users' already exists
Wed Sep 28 2022 23:21:03 GMT+0900 (GMT+09:00)::Error: CONNECTION ERROR: Couldn't connect to node http://192.168.0.5:8545.
Wed Sep 28 2022 23:49:29 GMT+0900 (GMT+09:00)::Error: create table `Users` (`id` bigint unsigned not null auto_increment primary key, `email` varchar(255), `password` varchar(128), `salt` varchar(64), `nickname` varchar(255), `username` varchar(255), `picture` varchar(255)) - Table 'Users' already exists
Wed Sep 28 2022 23:52:25 GMT+0900 (GMT+09:00)::Error: CONNECTION ERROR: Couldn't connect to node http://192.168.0.5:8545.
Wed Sep 28 2022 23:53:08 GMT+0900 (GMT+09:00)::Error: CONNECTION ERROR: Couldn't connect to node http://192.168.0.5:8545.
Wed Sep 28 2022 23:55:03 GMT+0900 (GMT+09:00)::Error: create table `Users` (`id` bigint unsigned not null auto_increment primary key, `email` varchar(255), `password` varchar(128), `salt` varchar(64), `nickname` varchar(255), `username` varchar(255), `picture` varchar(255)) - Table 'Users' already exists
Wed Sep 28 2022 23:56:31 GMT+0900 (GMT+09:00)::Error: create table `Users` (`id` bigint unsigned not null auto_increment primary key, `email` varchar(255), `password` varchar(128), `salt` varchar(64), `nickname` varchar(255), `username` varchar(255), `picture` varchar(255)) - Table 'Users' already exists
Thu Sep 29 2022 00:04:18 GMT+0900 (GMT+09:00)::Error: create table `Users` (`id` bigint unsigned not null auto_increment primary key, `email` varchar(255), `password` varchar(128), `salt` varchar(64), `nickname` varchar(255), `username` varchar(255), `picture` varchar(255)) - Table 'Users' already exists
Thu Sep 29 2022 00:05:43 GMT+0900 (GMT+09:00)::Error: create table `Users` (`id` bigint unsigned not null auto_increment primary key, `email` varchar(255), `password` varchar(128), `salt` varchar(64), `nickname` varchar(255), `username` varchar(255), `picture` varchar(255)) - Table 'Users' already exists
Fri Sep 30 2022 00:45:21 GMT+0900 (GMT+09:00)::Error: create table `Users` (`id` bigint unsigned not null auto_increment primary key, `email` varchar(255), `password` varchar(128), `salt` varchar(64), `nickname` varchar(255), `username` varchar(255), `picture` varchar(255)) - Table 'Users' already exists
Fri Sep 30 2022 00:46:39 GMT+0900 (GMT+09:00)::Error: create table `Users` (`id` bigint unsigned not null auto_increment primary key, `email` varchar(255), `password` varchar(128), `salt` varchar(64), `nickname` varchar(255), `username` varchar(255), `picture` varchar(255)) - Table 'Users' already exists
Fri Sep 30 2022 01:04:53 GMT+0900 (GMT+09:00)::Error: create table `Users` (`id` bigint unsigned not null auto_increment primary key, `email` varchar(255), `password` varchar(128), `salt` varchar(64), `nickname` varchar(255), `username` varchar(255), `picture` varchar(255)) - Table 'Users' already exists
Fri Sep 30 2022 01:08:13 GMT+0900 (GMT+09:00)::Error: create table `Users` (`id` bigint unsigned not null auto_increment primary key, `email` varchar(255), `password` varchar(128), `salt` varchar(64), `nickname` varchar(255), `username` varchar(255), `picture` varchar(255)) - Table 'Users' already exists
Fri Sep 30 2022 01:09:30 GMT+0900 (GMT+09:00)::Error: create table `Users` (`id` bigint unsigned not null auto_increment primary key, `email` varchar(255), `password` varchar(128), `salt` varchar(64), `nickname` varchar(255), `username` varchar(255), `picture` varchar(255)) - Table 'Users' already exists
Fri Sep 30 2022 11:28:21 GMT+0900 (GMT+09:00)::Error: create table `Users` (`id` bigint unsigned not null auto_increment primary key, `email` varchar(255), `password` varchar(128), `salt` varchar(64), `nickname` varchar(255), `username` varchar(255), `picture` varchar(255)) - Table 'Users' already exists
Mon Oct 03 2022 01:03:31 GMT+0900 (GMT+09:00)::Error: create table `Users` (`id` bigint unsigned not null auto_increment primary key, `email` varchar(255), `password` varchar(128), `salt` varchar(64), `nickname` varchar(255), `username` varchar(255), `picture` varchar(255)) - Table 'Users' already exists
Tue Oct 04 2022 01:29:13 GMT+0900 (GMT+09:00)::Error: create table `Users` (`id` bigint unsigned not null auto_increment primary key, `email` varchar(255), `password` varchar(128), `salt` varchar(64), `nickname` varchar(255), `username` varchar(255), `picture` varchar(255)) - Table 'Users' already exists
Wed Oct 05 2022 00:23:12 GMT+0900 (GMT+09:00)::Error: create table `Users` (`id` bigint unsigned not null auto_increment primary key, `email` varchar(255), `password` varchar(128), `salt` varchar(64), `nickname` varchar(255), `username` varchar(255), `picture` varchar(255)) - Table 'Users' already exists
Wed Oct 05 2022 14:17:13 GMT+0900 (GMT+09:00)::Error: create table `Users` (`id` bigint unsigned not null auto_increment primary key, `email` varchar(255), `password` varchar(128), `salt` varchar(64), `nickname` varchar(255), `username` varchar(255), `picture` varchar(255)) - Table 'Users' already exists
Sun Oct 09 2022 00:42:44 GMT+0900 (GMT+09:00)::Error: create table `Users` (`id` bigint unsigned not null auto_increment primary key, `email` varchar(255), `password` varchar(128), `salt` varchar(64), `nickname` varchar(255), `username` varchar(255), `picture` varchar(255)) - Table 'Users' already exists
Sun Oct 09 2022 00:45:39 GMT+0900 (GMT+09:00)::Error: create table `Users` (`id` bigint unsigned not null auto_increment primary key, `email` varchar(255), `password` varchar(128), `salt` varchar(64), `nickname` varchar(255), `username` varchar(255), `picture` varchar(255)) - Table 'Users' already exists
Sun Oct 09 2022 18:45:25 GMT+0900 (GMT+09:00)::Error: create table `Users` (`id` bigint unsigned not null auto_increment primary key, `email` varchar(255), `password` varchar(128), `salt` varchar(64), `nickname` varchar(255), `username` varchar(255), `picture` varchar(255)) - Table 'Users' already exists
Sun Oct 09 2022 19:57:36 GMT+0900 (GMT+09:00)::Error: create table `Users` (`id` bigint unsigned not null auto_increment primary key, `email` varchar(255), `password` varchar(128), `salt` varchar(64), `nickname` varchar(255), `username` varchar(255), `picture` varchar(255)) - Table 'Users' already exists
Sun Oct 09 2022 20:30:01 GMT+0900 (GMT+09:00)::Error: create table `Users` (`id` bigint unsigned not null auto_increment primary key, `email` varchar(255), `password` varchar(128), `salt` varchar(64), `nickname` varchar(255), `username` varchar(255), `picture` varchar(255)) - Table 'Users' already exists
Sun Oct 09 2022 20:56:12 GMT+0900 (GMT+09:00)::Error: create table `Users` (`id` bigint unsigned not null auto_increment primary key, `email` varchar(255), `password` varchar(128), `salt` varchar(64), `nickname` varchar(255), `username` varchar(255), `picture` varchar(255)) - Table 'Users' already exists
Mon Oct 10 2022 22:17:53 GMT+0900 (GMT+09:00)::Error: create table `Users` (`id` bigint unsigned not null auto_increment primary key, `email` varchar(255), `password` varchar(128), `salt` varchar(64), `nickname` varchar(255), `username` varchar(255), `picture` varchar(255)) - Table 'Users' already exists
Mon Oct 10 2022 22:35:07 GMT+0900 (GMT+09:00)::Error: create table `Users` (`id` bigint unsigned not null auto_increment primary key, `email` varchar(255), `password` varchar(128), `salt` varchar(64), `nickname` varchar(255), `username` varchar(255), `picture` varchar(255)) - Table 'Users' already exists
Tue Oct 11 2022 19:51:27 GMT+0900 (GMT+09:00)::Error: create table `Users` (`id` bigint unsigned not null auto_increment primary key, `email` varchar(255), `password` varchar(128), `salt` varchar(64), `nickname` varchar(255), `username` varchar(255), `picture` varchar(255)) - Table 'Users' already exists
Tue Oct 11 2022 20:02:09 GMT+0900 (GMT+09:00)::Error: create table `Users` (`id` bigint unsigned not null auto_increment primary key, `email` varchar(255), `password` varchar(128), `salt` varchar(64), `nickname` varchar(255), `username` varchar(255), `picture` varchar(255)) - Table 'Users' already exists
Tue Oct 11 2022 20:07:21 GMT+0900 (GMT+09:00)::Error: create table `Users` (`id` bigint unsigned not null auto_increment primary key, `email` varchar(255), `password` varchar(128), `salt` varchar(64), `nickname` varchar(255), `username` varchar(255), `picture` varchar(255)) - Table 'Users' already exists
Tue Oct 11 2022 20:10:43 GMT+0900 (GMT+09:00)::Error: create table `Users` (`id` bigint unsigned not null auto_increment primary key, `email` varchar(255), `password` varchar(128), `salt` varchar(64), `nickname` varchar(255), `username` varchar(255), `picture` varchar(255)) - Table 'Users' already exists
Tue Oct 11 2022 20:36:18 GMT+0900 (GMT+09:00)::Error: create table `Users` (`id` bigint unsigned not null auto_increment primary key, `email` varchar(255), `password` varchar(128), `salt` varchar(64), `nickname` varchar(255), `username` varchar(255), `picture` varchar(255)) - Table 'Users' already exists
Tue Oct 11 2022 20:38:40 GMT+0900 (GMT+09:00)::Error: create table `Users` (`id` bigint unsigned not null auto_increment primary key, `email` varchar(255), `password` varchar(128), `salt` varchar(64), `nickname` varchar(255), `username` varchar(255), `picture` varchar(255)) - Table 'Users' already exists
Thu Oct 13 2022 19:18:38 GMT+0900 (GMT+09:00)::Error: create table `Users` (`id` bigint unsigned not null auto_increment primary key, `email` varchar(255), `password` varchar(128), `salt` varchar(64), `nickname` varchar(255), `username` varchar(255), `picture` varchar(255)) - Table 'Users' already exists
Thu Oct 13 2022 19:38:40 GMT+0900 (GMT+09:00)::Error: create table `Users` (`id` bigint unsigned not null auto_increment primary key, `email` varchar(255), `password` varchar(128), `salt` varchar(64), `nickname` varchar(255), `username` varchar(255), `picture` varchar(255)) - Table 'Users' already exists
Thu Oct 13 2022 21:17:55 GMT+0900 (GMT+09:00)::Error: create table `Users` (`id` bigint unsigned not null auto_increment primary key, `email` varchar(255), `password` varchar(128), `salt` varchar(64), `nickname` varchar(255), `username` varchar(255), `picture` varchar(255)) - Table 'Users' already exists
Thu Oct 13 2022 21:22:21 GMT+0900 (GMT+09:00)::Error: create table `Users` (`id` bigint unsigned not null auto_increment primary key, `email` varchar(255), `password` varchar(128), `salt` varchar(64), `nickname` varchar(255), `username` varchar(255), `picture` varchar(255)) - Table 'Users' already exists
Thu Oct 13 2022 21:47:59 GMT+0900 (GMT+09:00)::Error: create table `Users` (`id` bigint unsigned not null auto_increment primary key, `email` varchar(255), `password` varchar(128), `salt` varchar(64), `nickname` varchar(255), `username` varchar(255), `picture` varchar(255)) - Table 'Users' already exists
Thu Oct 13 2022 22:09:03 GMT+0900 (GMT+09:00)::Error: create table `Users` (`id` bigint unsigned not null auto_increment primary key, `email` varchar(255), `password` varchar(128), `salt` varchar(64), `nickname` varchar(255), `username` varchar(255), `picture` varchar(255)) - Table 'Users' already exists
Thu Oct 13 2022 22:18:41 GMT+0900 (GMT+09:00)::Error: create table `Users` (`id` bigint unsigned not null auto_increment primary key, `email` varchar(255), `password` varchar(128), `salt` varchar(64), `nickname` varchar(255), `username` varchar(255), `picture` varchar(255)) - Table 'Users' already exists
Thu Oct 13 2022 22:49:00 GMT+0900 (GMT+09:00)::Error: create table `Users` (`id` bigint unsigned not null auto_increment primary key, `email` varchar(255), `password` varchar(128), `salt` varchar(64), `nickname` varchar(255), `username` varchar(255), `picture` varchar(255)) - Table 'Users' already exists
Thu Oct 13 2022 22:51:26 GMT+0900 (GMT+09:00)::Error: create table `Users` (`id` bigint unsigned not null auto_increment primary key, `email` varchar(255), `password` varchar(128), `salt` varchar(64), `nickname` varchar(255), `username` varchar(255), `picture` varchar(255)) - Table 'Users' already exists
Thu Oct 13 2022 23:00:03 GMT+0900 (GMT+09:00)::Error: create table `Users` (`id` bigint unsigned not null auto_increment primary key, `email` varchar(255), `password` varchar(128), `salt` varchar(64), `nickname` varchar(255), `username` varchar(255), `picture` varchar(255)) - Table 'Users' already exists
Thu Oct 13 2022 23:03:31 GMT+0900 (GMT+09:00)::Error: create table `Users` (`id` bigint unsigned not null auto_increment primary key, `email` varchar(255), `password` varchar(128), `salt` varchar(64), `nickname` varchar(255), `username` varchar(255), `picture` varchar(255)) - Table 'Users' already exists
Thu Oct 13 2022 23:07:19 GMT+0900 (GMT+09:00)::Error: create table `Users` (`id` bigint unsigned not null auto_increment primary key, `email` varchar(255), `password` varchar(128), `salt` varchar(64), `nickname` varchar(255), `username` varchar(255), `picture` varchar(255)) - Table 'Users' already exists
Thu Oct 13 2022 23:09:07 GMT+0900 (GMT+09:00)::Error: create table `Users` (`id` bigint unsigned not null auto_increment primary key, `email` varchar(255), `password` varchar(128), `salt` varchar(64), `nickname` varchar(255), `username` varchar(255), `picture` varchar(255)) - Table 'Users' already exists
Thu Oct 13 2022 23:15:14 GMT+0900 (GMT+09:00)::Error: create table `Users` (`id` bigint unsigned not null auto_increment primary key, `email` varchar(255), `password` varchar(128), `salt` varchar(64), `nickname` varchar(255), `username` varchar(255), `picture` varchar(255)) - Table 'Users' already exists
Thu Oct 13 2022 23:22:59 GMT+0900 (GMT+09:00)::Error: create table `Users` (`id` bigint unsigned not null auto_increment primary key, `email` varchar(255), `password` varchar(128), `salt` varchar(64), `nickname` varchar(255), `username` varchar(255), `picture` varchar(255)) - Table 'Users' already exists
Thu Oct 13 2022 23:45:20 GMT+0900 (GMT+09:00)::Error: create table `Users` (`id` bigint unsigned not null auto_increment primary key, `email` varchar(255), `password` varchar(128), `salt` varchar(64), `nickname` varchar(255), `username` varchar(255), `picture` varchar(255)) - Table 'Users' already exists
Thu Oct 13 2022 23:48:17 GMT+0900 (GMT+09:00)::Error: create table `Users` (`id` bigint unsigned not null auto_increment primary key, `email` varchar(255), `password` varchar(128), `salt` varchar(64), `nickname` varchar(255), `username` varchar(255), `picture` varchar(255)) - Table 'Users' already exists
Fri Oct 14 2022 00:05:30 GMT+0900 (GMT+09:00)::Error: create table `Users` (`id` bigint unsigned not null auto_increment primary key, `email` varchar(255), `password` varchar(128), `salt` varchar(64), `nickname` varchar(255), `username` varchar(255), `picture` varchar(255)) - Table 'Users' already exists
Fri Oct 14 2022 00:10:52 GMT+0900 (GMT+09:00)::Error: create table `Users` (`id` bigint unsigned not null auto_increment primary key, `email` varchar(255), `password` varchar(128), `salt` varchar(64), `nickname` varchar(255), `username` varchar(255), `picture` varchar(255)) - Table 'Users' already exists
Fri Oct 14 2022 00:13:20 GMT+0900 (GMT+09:00)::Error: create table `Users` (`id` bigint unsigned not null auto_increment primary key, `email` varchar(255), `password` varchar(128), `salt` varchar(64), `nickname` varchar(255), `username` varchar(255), `picture` varchar(255)) - Table 'Users' already exists
Fri Oct 14 2022 00:18:12 GMT+0900 (GMT+09:00)::Error: create table `Users` (`id` bigint unsigned not null auto_increment primary key, `email` varchar(255), `password` varchar(128), `salt` varchar(64), `nickname` varchar(255), `username` varchar(255), `picture` varchar(255)) - Table 'Users' already exists
Fri Oct 14 2022 00:41:37 GMT+0900 (GMT+09:00)::Error: create table `Users` (`id` bigint unsigned not null auto_increment primary key, `email` varchar(255), `password` varchar(128), `salt` varchar(64), `nickname` varchar(255), `username` varchar(255), `picture` varchar(255)) - Table 'Users' already exists
Sat Oct 22 2022 23:10:30 GMT+0900 (GMT+09:00)::Error: create table `Users` (`id` bigint unsigned not null auto_increment primary key, `email` varchar(255), `password` varchar(128), `salt` varchar(64), `nickname` varchar(255), `username` varchar(255), `picture` varchar(255)) - Table 'Users' already exists
Sat Oct 22 2022 23:53:02 GMT+0900 (GMT+09:00)::Error: create table `Users` (`id` bigint unsigned not null auto_increment primary key, `email` varchar(255), `password` varchar(128), `salt` varchar(64), `nickname` varchar(255), `username` varchar(255), `picture` varchar(255)) - Table 'Users' already exists
Sun Oct 23 2022 00:41:55 GMT+0900 (GMT+09:00)::Error: create table `Users` (`id` bigint unsigned not null auto_increment primary key, `email` varchar(255), `password` varchar(128), `salt` varchar(64), `nickname` varchar(255), `username` varchar(255), `picture` varchar(255)) - Table 'Users' already exists
Sun Oct 23 2022 00:59:01 GMT+0900 (GMT+09:00)::Error: create table `Users` (`id` bigint unsigned not null auto_increment primary key, `email` varchar(255), `password` varchar(128), `salt` varchar(64), `nickname` varchar(255), `username` varchar(255), `picture` varchar(255)) - Table 'Users' already exists
Sun Oct 23 2022 01:04:45 GMT+0900 (GMT+09:00)::Error: create table `Users` (`id` bigint unsigned not null auto_increment primary key, `email` varchar(255), `password` varchar(128), `salt` varchar(64), `nickname` varchar(255), `username` varchar(255), `picture` varchar(255)) - Table 'Users' already exists
Sun Oct 23 2022 01:08:20 GMT+0900 (GMT+09:00)::Error: create table `Users` (`id` bigint unsigned not null auto_increment primary key, `email` varchar(255), `password` varchar(128), `salt` varchar(64), `nickname` varchar(255), `username` varchar(255), `picture` varchar(255)) - Table 'Users' already exists
Sun Oct 23 2022 01:14:23 GMT+0900 (GMT+09:00)::Error: create table `Users` (`id` bigint unsigned not null auto_increment primary key, `email` varchar(255), `password` varchar(128), `salt` varchar(64), `nickname` varchar(255), `username` varchar(255), `picture` varchar(255)) - Table 'Users' already exists
Sun Oct 23 2022 01:19:41 GMT+0900 (GMT+09:00)::Error: create table `Users` (`id` bigint unsigned not null auto_increment primary key, `email` varchar(255), `password` varchar(128), `salt` varchar(64), `nickname` varchar(255), `username` varchar(255), `picture` varchar(255)) - Table 'Users' already exists
Sun Oct 23 2022 01:28:00 GMT+0900 (GMT+09:00)::Error: create table `Users` (`id` bigint unsigned not null auto_increment primary key, `email` varchar(255), `password` varchar(128), `salt` varchar(64), `nickname` varchar(255), `username` varchar(255), `picture` varchar(255)) - Table 'Users' already exists
Sun Oct 23 2022 01:36:42 GMT+0900 (GMT+09:00)::Error: create table `Users` (`id` bigint unsigned not null auto_increment primary key, `email` varchar(255), `password` varchar(128), `salt` varchar(64), `nickname` varchar(255), `username` varchar(255), `picture` varchar(255)) - Table 'Users' already exists
Sun Oct 23 2022 01:50:32 GMT+0900 (GMT+09:00)::Error: create table `Users` (`id` bigint unsigned not null auto_increment primary key, `email` varchar(255), `password` varchar(128), `salt` varchar(64), `nickname` varchar(255), `username` varchar(255), `picture` varchar(255)) - Table 'Users' already exists
Sun Oct 23 2022 02:02:56 GMT+0900 (GMT+09:00)::Error: create table `Users` (`id` bigint unsigned not null auto_increment primary key, `email` varchar(255), `password` varchar(128), `salt` varchar(64), `nickname` varchar(255), `username` varchar(255), `picture` varchar(255)) - Table 'Users' already exists
Sun Oct 23 2022 11:42:28 GMT+0900 (GMT+09:00)::Error: create table `Users` (`id` bigint unsigned not null auto_increment primary key, `email` varchar(255), `password` varchar(128), `salt` varchar(64), `nickname` varchar(255), `username` varchar(255), `picture` varchar(255)) - Table 'Users' already exists
Sun Oct 23 2022 11:46:01 GMT+0900 (GMT+09:00)::Error: create table `Users` (`id` bigint unsigned not null auto_increment primary key, `email` varchar(255), `password` varchar(128), `salt` varchar(64), `nickname` varchar(255), `username` varchar(255), `picture` varchar(255)) - Table 'Users' already exists
Sun Oct 23 2022 11:57:27 GMT+0900 (GMT+09:00)::Error: create table `Users` (`id` bigint unsigned not null auto_increment primary key, `email` varchar(255), `password` varchar(128), `salt` varchar(64), `nickname` varchar(255), `username` varchar(255), `picture` varchar(255)) - Table 'Users' already exists
Sun Oct 23 2022 12:05:30 GMT+0900 (GMT+09:00)::Error: create table `Users` (`id` bigint unsigned not null auto_increment primary key, `email` varchar(255), `password` varchar(128), `salt` varchar(64), `nickname` varchar(255), `username` varchar(255), `picture` varchar(255)) - Table 'Users' already exists
Sun Oct 23 2022 12:09:05 GMT+0900 (GMT+09:00)::Error: create table `Users` (`id` bigint unsigned not null auto_increment primary key, `email` varchar(255), `password` varchar(128), `salt` varchar(64), `nickname` varchar(255), `username` varchar(255), `picture` varchar(255)) - Table 'Users' already exists
Sun Oct 23 2022 12:56:16 GMT+0900 (GMT+09:00)::Error: create table `Users` (`id` bigint unsigned not null auto_increment primary key, `email` varchar(255), `password` varchar(128), `salt` varchar(64), `nickname` varchar(255), `username` varchar(255), `picture` varchar(255)) - Table 'Users' already exists
Sun Oct 23 2022 15:45:14 GMT+0900 (GMT+09:00)::Error: create table `Users` (`id` bigint unsigned not null auto_increment primary key, `email` varchar(255), `password` varchar(128), `salt` varchar(64), `nickname` varchar(255), `username` varchar(255), `picture` varchar(255)) - Table 'Users' already exists
Sun Oct 23 2022 18:43:21 GMT+0900 (GMT+09:00)::Error: create table `Users` (`id` bigint unsigned not null auto_increment primary key, `email` varchar(255), `password` varchar(128), `salt` varchar(64), `nickname` varchar(255), `username` varchar(255), `picture` varchar(255)) - Table 'Users' already exists
Sun Oct 23 2022 18:46:09 GMT+0900 (GMT+09:00)::Error: create table `Users` (`id` bigint unsigned not null auto_increment primary key, `email` varchar(255), `password` varchar(128), `salt` varchar(64), `nickname` varchar(255), `username` varchar(255), `picture` varchar(255)) - Table 'Users' already exists
Thu Oct 27 2022 23:19:17 GMT+0900 (GMT+09:00)::Error: create table `Users` (`id` bigint unsigned not null auto_increment primary key, `email` varchar(255), `password` varchar(128), `salt` varchar(64), `nickname` varchar(255), `username` varchar(255), `picture` varchar(255)) - Table 'Users' already exists
Thu Oct 27 2022 23:57:12 GMT+0900 (GMT+09:00)::Error: create table `Users` (`id` bigint unsigned not null auto_increment primary key, `email` varchar(255), `password` varchar(128), `salt` varchar(64), `nickname` varchar(255), `username` varchar(255), `picture` varchar(255)) - Table 'Users' already exists
Fri Oct 28 2022 00:00:05 GMT+0900 (GMT+09:00)::Error: create table `Users` (`id` bigint unsigned not null auto_increment primary key, `email` varchar(255), `password` varchar(128), `salt` varchar(64), `nickname` varchar(255), `username` varchar(255), `picture` varchar(255)) - Table 'Users' already exists
Fri Oct 28 2022 00:06:57 GMT+0900 (GMT+09:00)::Error: create table `Users` (`id` bigint unsigned not null auto_increment primary key, `email` varchar(255), `password` varchar(128), `salt` varchar(64), `nickname` varchar(255), `username` varchar(255), `picture` varchar(255)) - Table 'Users' already exists
Fri Oct 28 2022 00:12:03 GMT+0900 (GMT+09:00)::Error: create table `Users` (`id` bigint unsigned not null auto_increment primary key, `email` varchar(255), `password` varchar(128), `salt` varchar(64), `nickname` varchar(255), `username` varchar(255), `picture` varchar(255)) - Table 'Users' already exists
Fri Oct 28 2022 00:29:41 GMT+0900 (GMT+09:00)::Error: create table `Users` (`id` bigint unsigned not null auto_increment primary key, `email` varchar(255), `password` varchar(128), `salt` varchar(64), `nickname` varchar(255), `username` varchar(255), `picture` varchar(255)) - Table 'Users' already exists
Fri Oct 28 2022 00:41:49 GMT+0900 (GMT+09:00)::Error: create table `Users` (`id` bigint unsigned not null auto_increment primary key, `email` varchar(255), `password` varchar(128), `salt` varchar(64), `nickname` varchar(255), `username` varchar(255), `picture` varchar(255)) - Table 'Users' already exists
Fri Oct 28 2022 00:45:54 GMT+0900 (GMT+09:00)::Error: create table `Users` (`id` bigint unsigned not null auto_increment primary key, `email` varchar(255), `password` varchar(128), `salt` varchar(64), `nickname` varchar(255), `username` varchar(255), `picture` varchar(255)) - Table 'Users' already exists
Fri Oct 28 2022 00:49:41 GMT+0900 (GMT+09:00)::Error: create table `Users` (`id` bigint unsigned not null auto_increment primary key, `email` varchar(255), `password` varchar(128), `salt` varchar(64), `nickname` varchar(255), `username` varchar(255), `picture` varchar(255)) - Table 'Users' already exists
Fri Oct 28 2022 00:54:11 GMT+0900 (GMT+09:00)::Error: create table `Users` (`id` bigint unsigned not null auto_increment primary key, `email` varchar(255), `password` varchar(128), `salt` varchar(64), `nickname` varchar(255), `username` varchar(255), `picture` varchar(255)) - Table 'Users' already exists
Fri Oct 28 2022 01:07:48 GMT+0900 (GMT+09:00)::Error: create table `Users` (`id` bigint unsigned not null auto_increment primary key, `email` varchar(255), `password` varchar(128), `salt` varchar(64), `nickname` varchar(255), `username` varchar(255), `picture` varchar(255)) - Table 'Users' already exists
Thu Nov 03 2022 10:00:55 GMT+0900 (GMT+09:00)::Error: create table `Users` (`id` bigint unsigned not null auto_increment primary key, `email` varchar(255), `password` varchar(128), `salt` varchar(64), `nickname` varchar(255), `username` varchar(255), `picture` varchar(255)) - Table 'Users' already exists
Sat Nov 05 2022 20:10:45 GMT+0900 (GMT+09:00)::Error: create table `Users` (`id` bigint unsigned not null auto_increment primary key, `email` varchar(255), `password` varchar(128), `salt` varchar(64), `nickname` varchar(255), `username` varchar(255), `picture` varchar(255), `createdat` datetime default CURRENT_TIMESTAMP) - Table 'Users' already exists
Sat Nov 05 2022 21:02:19 GMT+0900 (GMT+09:00)::Error: create table `Users` (`id` bigint unsigned not null auto_increment primary key, `email` varchar(255), `password` varchar(128), `salt` varchar(64), `nickname` varchar(255), `username` varchar(255), `picture` varchar(255), `createdat` datetime default CURRENT_TIMESTAMP) - Table 'Users' already exists
Sat Nov 05 2022 21:03:45 GMT+0900 (GMT+09:00)::Error: create table `Users` (`id` bigint unsigned not null auto_increment primary key, `email` varchar(255), `password` varchar(128), `salt` varchar(64), `nickname` varchar(255), `username` varchar(255), `picture` varchar(255), `createdat` datetime default CURRENT_TIMESTAMP) - Table 'Users' already exists
Sat Nov 05 2022 21:04:39 GMT+0900 (GMT+09:00)::Error: create table `Users` (`id` bigint unsigned not null auto_increment primary key, `email` varchar(255), `password` varchar(128), `salt` varchar(64), `nickname` varchar(255), `username` varchar(255), `picture` varchar(255), `createdat` datetime default CURRENT_TIMESTAMP) - Table 'Users' already exists
Sat Nov 05 2022 21:05:24 GMT+0900 (GMT+09:00)::Error: create table `Users` (`id` bigint unsigned not null auto_increment primary key, `email` varchar(255), `password` varchar(128), `salt` varchar(64), `nickname` varchar(255), `username` varchar(255), `picture` varchar(255), `createdat` datetime default CURRENT_TIMESTAMP) - Table 'Users' already exists
Sat Nov 05 2022 21:07:31 GMT+0900 (GMT+09:00)::Error: create table `Users` (`id` bigint unsigned not null auto_increment primary key, `email` varchar(255), `password` varchar(128), `salt` varchar(64), `nickname` varchar(255), `username` varchar(255), `picture` varchar(255), `createdat` datetime default CURRENT_TIMESTAMP) - Table 'Users' already exists
Sat Nov 05 2022 21:07:58 GMT+0900 (GMT+09:00)::Error: create table `Users` (`id` bigint unsigned not null auto_increment primary key, `email` varchar(255), `password` varchar(128), `salt` varchar(64), `nickname` varchar(255), `username` varchar(255), `picture` varchar(255), `createdat` datetime default CURRENT_TIMESTAMP) - Table 'Users' already exists
Sat Nov 05 2022 21:17:56 GMT+0900 (GMT+09:00)::Error: create table `Users` (`id` bigint unsigned not null auto_increment primary key, `email` varchar(255), `password` varchar(128), `salt` varchar(64), `nickname` varchar(255), `username` varchar(255), `picture` varchar(255), `createdat` datetime default CURRENT_TIMESTAMP) - Table 'Users' already exists
Sun Nov 06 2022 17:22:47 GMT+0900 (GMT+09:00)::Error: create table `Users` (`id` bigint unsigned not null auto_increment primary key, `email` varchar(255), `password` varchar(128), `salt` varchar(64), `nickname` varchar(255), `username` varchar(255), `picture` varchar(255), `createdat` datetime default CURRENT_TIMESTAMP) - Table 'Users' already exists
Sun Nov 06 2022 17:29:55 GMT+0900 (GMT+09:00)::Error: create table `Users` (`id` bigint unsigned not null auto_increment primary key, `email` varchar(255), `password` varchar(128), `salt` varchar(64), `nickname` varchar(255), `username` varchar(255), `picture` varchar(255), `createdat` datetime default CURRENT_TIMESTAMP) - Table 'Users' already exists
Sun Nov 06 2022 17:35:59 GMT+0900 (GMT+09:00)::Error: create table `Users` (`id` bigint unsigned not null auto_increment primary key, `email` varchar(255), `password` varchar(128), `salt` varchar(64), `nickname` varchar(255), `username` varchar(255), `picture` varchar(255), `createdat` datetime default CURRENT_TIMESTAMP) - Table 'Users' already exists
Sun Nov 06 2022 17:41:48 GMT+0900 (GMT+09:00)::Error: create table `Users` (`id` bigint unsigned not null auto_increment primary key, `email` varchar(255), `password` varchar(128), `salt` varchar(64), `nickname` varchar(255), `username` varchar(255), `picture` varchar(255), `createdat` datetime default CURRENT_TIMESTAMP) - Table 'Users' already exists
Sun Nov 06 2022 18:22:28 GMT+0900 (GMT+09:00)::Error: create table `Users` (`id` bigint unsigned not null auto_increment primary key, `email` varchar(255), `password` varchar(128), `salt` varchar(64), `nickname` varchar(255), `username` varchar(255), `picture` varchar(255), `createdat` datetime default CURRENT_TIMESTAMP) - Table 'Users' already exists
Sun Nov 06 2022 18:25:11 GMT+0900 (GMT+09:00)::Error: create table `Users` (`id` bigint unsigned not null auto_increment primary key, `email` varchar(255), `password` varchar(128), `salt` varchar(64), `nickname` varchar(255), `username` varchar(255), `picture` varchar(255), `createdat` datetime default CURRENT_TIMESTAMP) - Table 'Users' already exists
Sun Nov 06 2022 18:26:01 GMT+0900 (GMT+09:00)::Error: create table `Users` (`id` bigint unsigned not null auto_increment primary key, `email` varchar(255), `password` varchar(128), `salt` varchar(64), `nickname` varchar(255), `username` varchar(255), `picture` varchar(255), `createdat` datetime default CURRENT_TIMESTAMP) - Table 'Users' already exists
Sun Nov 06 2022 18:27:54 GMT+0900 (GMT+09:00)::Error: create table `Users` (`id` bigint unsigned not null auto_increment primary key, `email` varchar(255), `password` varchar(128), `salt` varchar(64), `nickname` varchar(255), `username` varchar(255), `picture` varchar(255), `createdat` datetime default CURRENT_TIMESTAMP) - Table 'Users' already exists
Sun Nov 06 2022 18:48:38 GMT+0900 (GMT+09:00)::Error: create table `Users` (`id` bigint unsigned not null auto_increment primary key, `email` varchar(255), `password` varchar(128), `salt` varchar(64), `nickname` varchar(255), `username` varchar(255), `picture` varchar(255), `createdat` datetime default CURRENT_TIMESTAMP) - Table 'Users' already exists
Sun Nov 06 2022 18:51:16 GMT+0900 (GMT+09:00)::Error: create table `Users` (`id` bigint unsigned not null auto_increment primary key, `email` varchar(255), `password` varchar(128), `salt` varchar(64), `nickname` varchar(255), `username` varchar(255), `picture` varchar(255), `createdat` datetime default CURRENT_TIMESTAMP) - Table 'Users' already exists
Sun Nov 06 2022 18:57:06 GMT+0900 (GMT+09:00)::Error: create table `Users` (`id` bigint unsigned not null auto_increment primary key, `email` varchar(255), `password` varchar(128), `salt` varchar(64), `nickname` varchar(255), `username` varchar(255), `picture` varchar(255), `createdat` datetime default CURRENT_TIMESTAMP) - Table 'Users' already exists
Thu Nov 10 2022 09:25:56 GMT+0900 (GMT+09:00)::Error: create table `Users` (`id` bigint unsigned not null auto_increment primary key, `email` varchar(255), `password` varchar(128), `salt` varchar(64), `nickname` varchar(255), `username` varchar(255), `picture` varchar(255), `createdat` datetime default CURRENT_TIMESTAMP) - Table 'Users' already exists
Thu Nov 10 2022 21:53:24 GMT+0900 (GMT+09:00)::TypeError: Cannot read property 'bigInteger' of undefined
Thu Nov 10 2022 22:42:12 GMT+0900 (GMT+09:00)::TypeError: Cannot read property 'bigInteger' of undefined
Sat Nov 19 2022 21:58:38 GMT+0900 (GMT+09:00)::Error: alter table `Collections` add `id` bigint unsigned not null auto_increment primary key, add `bannerimg` varchar(255), add `logoimg` varchar(255), add `featuredimg` varchar(255), add `description` text, add `creator` bigint unsigned, add `createdat` datetime default CURRENT_TIMESTAMP - Duplicate column name 'id'
Sat Nov 19 2022 22:01:22 GMT+0900 (GMT+09:00)::Error: alter table `Collections` add unique `collections_name_unique`(`name`) - Duplicate key name 'collections_name_unique'
Sat Nov 19 2022 23:11:47 GMT+0900 (GMT+09:00)::Error: alter table `Assets` add unique `assets_name_unique`(`name`) - Duplicate key name 'assets_name_unique'
Sat Nov 19 2022 23:14:18 GMT+0900 (GMT+09:00)::Error: alter table `Collections` add unique `collections_name_unique`(`name`) - Duplicate key name 'collections_name_unique'
Sat Nov 19 2022 23:15:16 GMT+0900 (GMT+09:00)::Error: alter table `Collections` add unique `collections_name_unique`(`name`) - Duplicate key name 'collections_name_unique'
Sun Nov 20 2022 16:49:52 GMT+0900 (GMT+09:00)::Error: ENOENT: no such file or directory, open 'exampledata/images/gen-image-gen-image-67.png.png'
Sun Nov 20 2022 16:56:50 GMT+0900 (GMT+09:00)::TypeError: Cannot read property 'createNewUser' of undefined
Wed Nov 23 2022 19:41:58 GMT+0900 (GMT+09:00)::TypeError: Cannot read property 'id' of null
Thu Dec 01 2022 18:43:42 GMT+0900 (GMT+09:00)::Error: Returned error: The method eth_sendTransaction does not exist/is not available
Sun Dec 04 2022 19:32:49 GMT+0900 (GMT+09:00)::TypeError: Cannot read property 'id' of null
Sun Dec 04 2022 19:35:49 GMT+0900 (GMT+09:00)::TypeError: Cannot read property 'id' of null
Sun Dec 04 2022 19:38:45 GMT+0900 (GMT+09:00)::Error: Returned error: The method eth_sendTransaction does not exist/is not available